Creating an optimized production build...
Compiled with warnings.

Failed to parse source map from '/Users/askwith/src/StevenAskwith/guidance-for-aws-deepracer-event-management/website/node_modules/@cloudscape-design/components/button/index.js.map' file: Error: ENOENT: no such file or directory, open '/Users/askwith/src/StevenAskwith/guidance-for-aws-deepracer-event-management/website/node_modules/@cloudscape-design/components/button/index.js.map'

Failed to parse source map from '/Users/askwith/src/StevenAskwith/guidance-for-aws-deepracer-event-management/website/node_modules/@cloudscape-design/components/flashbar/index.js.map' file: Error: ENOENT: no such file or directory, open '/Users/askwith/src/StevenAskwith/guidance-for-aws-deepracer-event-management/website/node_modules/@cloudscape-design/components/flashbar/index.js.map'

Failed to parse source map from '/Users/askwith/src/StevenAskwith/guidance-for-aws-deepracer-event-management/website/node_modules/@cloudscape-design/components/toggle-button/index.js.map' file: Error: ENOENT: no such file or directory, open '/Users/askwith/src/StevenAskwith/guidance-for-aws-deepracer-event-management/website/node_modules/@cloudscape-design/components/toggle-button/index.js.map'

Search for the keywords to learn more about each warning.
To ignore, add // eslint-disable-next-line to the line before.

File sizes after gzip:

  718.56 kB  build/static/js/main.3339c323.js
  273.08 kB  build/static/css/main.7cc80231.css
  2.07 kB    build/static/js/488.389cbbd4.chunk.js

The bundle size is significantly larger than recommended.
Consider reducing it with code splitting: https://goo.gl/9VhYWB
You can also analyze the project dependencies: https://goo.gl/LeUzfb

The project was built assuming it is hosted at /.
You can control this with the homepage field in your package.json.

The build folder is ready to be deployed.
You may serve it with a static server:

  npm install -g serve
  serve -s build

Find out more about deployment here:

  https://cra.link/deployment

